# JRE version: OpenJDK Runtime Environment (8.0_212-b04) (build 1.8.0_212-release-1586-b04)
# Java VM: OpenJDK 64-Bit Server VM (25.212-b04 mixed mode windows-amd64 compressed oops)
Heap:
 PSYoungGen      total 38400K, used 20825K [0x00000000e0000000, 0x00000000e4b00000, 0x0000000100000000)
  eden space 33280K, 62% used [0x00000000e0000000,0x00000000e1456478,0x00000000e2080000)
  from space 5120K, 0% used [0x00000000e2080000,0x00000000e2080000,0x00000000e2580000)
  to   space 5120K, 0% used [0x00000000e4600000,0x00000000e4600000,0x00000000e4b00000)
 ParOldGen       total 71168K, used 11407K [0x00000000a0000000, 0x00000000a4580000, 0x00000000e0000000)
  object space 71168K, 16% used [0x00000000a0000000,0x00000000a0b23d48,0x00000000a4580000)
 Metaspace       used 25488K, capacity 25913K, committed 26240K, reserved 1073152K
  class space    used 3313K, capacity 3419K, committed 3456K, reserved 1048576K
GC Heap History (10 events):
Event: 0.754 GC heap before
{Heap before GC invocations=1 (full 0):
 PSYoungGen      total 38400K, used 16553K [0x00000000e0000000, 0x00000000e2a80000, 0x0000000100000000)
  eden space 33280K, 49% used [0x00000000e0000000,0x00000000e102a6a0,0x00000000e2080000)
  from space 5120K, 0% used [0x00000000e2580000,0x00000000e2580000,0x00000000e2a80000)
  to   space 5120K, 0% used [0x00000000e2080000,0x00000000e2080000,0x00000000e2580000)
 ParOldGen       total 87552K, used 0K [0x00000000a0000000, 0x00000000a5580000, 0x00000000e0000000)
  object space 87552K, 0% used [0x00000000a0000000,0x00000000a0000000,0x00000000a5580000)
 Metaspace       used 9167K, capacity 9316K, committed 9472K, reserved 1058816K
  class space    used 973K, capacity 1022K, committed 1024K, reserved 1048576K
Event: 0.759 GC heap after
Heap after GC invocations=1 (full 0):
 PSYoungGen      total 38400K, used 3029K [0x00000000e0000000, 0x00000000e2a80000, 0x0000000100000000)
  eden space 33280K, 0% used [0x00000000e0000000,0x00000000e0000000,0x00000000e2080000)
  from space 5120K, 59% used [0x00000000e2080000,0x00000000e2375440,0x00000000e2580000)
  to   space 5120K, 0% used [0x00000000e2580000,0x00000000e2580000,0x00000000e2a80000)
 ParOldGen       total 87552K, used 8K [0x00000000a0000000, 0x00000000a5580000, 0x00000000e0000000)
  object space 87552K, 0% used [0x00000000a0000000,0x00000000a0002000,0x00000000a5580000)
 Metaspace       used 9167K, capacity 9316K, committed 9472K, reserved 1058816K
  class space    used 973K, capacity 1022K, committed 1024K, reserved 1048576K
}
Event: 0.759 GC heap before
{Heap before GC invocations=2 (full 1):
 PSYoungGen      total 38400K, used 3029K [0x00000000e0000000, 0x00000000e2a80000, 0x0000000100000000)
  eden space 33280K, 0% used [0x00000000e0000000,0x00000000e0000000,0x00000000e2080000)
  from space 5120K, 59% used [0x00000000e2080000,0x00000000e2375440,0x00000000e2580000)
  to   space 5120K, 0% used [0x00000000e2580000,0x00000000e2580000,0x00000000e2a80000)
 ParOldGen       total 87552K, used 8K [0x00000000a0000000, 0x00000000a5580000, 0x00000000e0000000)
  object space 87552K, 0% used [0x00000000a0000000,0x00000000a0002000,0x00000000a5580000)
 Metaspace       used 9167K, capacity 9316K, committed 9472K, reserved 1058816K
  class space    used 973K, capacity 1022K, committed 1024K, reserved 1048576K
Event: 0.773 GC heap after
Heap after GC invocations=2 (full 1):
 PSYoungGen      total 38400K, used 0K [0x00000000e0000000, 0x00000000e2a80000, 0x0000000100000000)
  eden space 33280K, 0% used [0x00000000e0000000,0x00000000e0000000,0x00000000e2080000)
  from space 5120K, 0% used [0x00000000e2080000,0x00000000e2080000,0x00000000e2580000)
  to   space 5120K, 0% used [0x00000000e2580000,0x00000000e2580000,0x00000000e2a80000)
 ParOldGen       total 87552K, used 2843K [0x00000000a0000000, 0x00000000a5580000, 0x00000000e0000000)
  object space 87552K, 3% used [0x00000000a0000000,0x00000000a02c6c40,0x00000000a5580000)
 Metaspace       used 9167K, capacity 9316K, committed 9472K, reserved 1058816K
  class space    used 973K, capacity 1022K, committed 1024K, reserved 1048576K
}
Event: 1.595 GC heap before
{Heap before GC invocations=3 (full 1):
 PSYoungGen      total 38400K, used 33280K [0x00000000e0000000, 0x00000000e2a80000, 0x0000000100000000)
  eden space 33280K, 100% used [0x00000000e0000000,0x00000000e2080000,0x00000000e2080000)
  from space 5120K, 0% used [0x00000000e2080000,0x00000000e2080000,0x00000000e2580000)
  to   space 5120K, 0% used [0x00000000e2580000,0x00000000e2580000,0x00000000e2a80000)
 ParOldGen       total 87552K, used 2843K [0x00000000a0000000, 0x00000000a5580000, 0x00000000e0000000)
  object space 87552K, 3% used [0x00000000a0000000,0x00000000a02c6c40,0x00000000a5580000)
 Metaspace       used 14179K, capacity 14472K, committed 14592K, reserved 1062912K
  class space    used 1625K, capacity 1730K, committed 1792K, reserved 1048576K
Event: 1.604 GC heap after
Heap after GC invocations=3 (full 1):
 PSYoungGen      total 38400K, used 5119K [0x00000000e0000000, 0x00000000e4b00000, 0x0000000100000000)
  eden space 33280K, 0% used [0x00000000e0000000,0x00000000e0000000,0x00000000e2080000)
  from space 5120K, 99% used [0x00000000e2580000,0x00000000e2a7fc68,0x00000000e2a80000)
  to   space 5120K, 0% used [0x00000000e2080000,0x00000000e2080000,0x00000000e2580000)
 ParOldGen       total 87552K, used 5125K [0x00000000a0000000, 0x00000000a5580000, 0x00000000e0000000)
  object space 87552K, 5% used [0x00000000a0000000,0x00000000a0501420,0x00000000a5580000)
 Metaspace       used 14179K, capacity 14472K, committed 14592K, reserved 1062912K
  class space    used 1625K, capacity 1730K, committed 1792K, reserved 1048576K
}
Event: 2.217 GC heap before
{Heap before GC invocations=4 (full 1):
 PSYoungGen      total 38400K, used 36934K [0x00000000e0000000, 0x00000000e4b00000, 0x0000000100000000)
  eden space 33280K, 95% used [0x00000000e0000000,0x00000000e1f11f50,0x00000000e2080000)
  from space 5120K, 99% used [0x00000000e2580000,0x00000000e2a7fc68,0x00000000e2a80000)
  to   space 5120K, 0% used [0x00000000e2080000,0x00000000e2080000,0x00000000e2580000)
 ParOldGen       total 87552K, used 5125K [0x00000000a0000000, 0x00000000a5580000, 0x00000000e0000000)
  object space 87552K, 5% used [0x00000000a0000000,0x00000000a0501420,0x00000000a5580000)
 Metaspace       used 20793K, capacity 21101K, committed 21248K, reserved 1069056K
  class space    used 2432K, capacity 2539K, committed 2560K, reserved 1048576K
Event: 2.231 GC heap after
Heap after GC invocations=4 (full 1):
 PSYoungGen      total 38400K, used 5089K [0x00000000e0000000, 0x00000000e4b00000, 0x0000000100000000)
  eden space 33280K, 0% used [0x00000000e0000000,0x00000000e0000000,0x00000000e2080000)
  from space 5120K, 99% used [0x00000000e2080000,0x00000000e2578788,0x00000000e2580000)
  to   space 5120K, 0% used [0x00000000e4600000,0x00000000e4600000,0x00000000e4b00000)
 ParOldGen       total 87552K, used 10299K [0x00000000a0000000, 0x00000000a5580000, 0x00000000e0000000)
  object space 87552K, 11% used [0x00000000a0000000,0x00000000a0a0ec50,0x00000000a5580000)
 Metaspace       used 20793K, capacity 21101K, committed 21248K, reserved 1069056K
  class space    used 2432K, capacity 2539K, committed 2560K, reserved 1048576K
}
Event: 2.231 GC heap before
{Heap before GC invocations=5 (full 2):
 PSYoungGen      total 38400K, used 5089K [0x00000000e0000000, 0x00000000e4b00000, 0x0000000100000000)
  eden space 33280K, 0% used [0x00000000e0000000,0x00000000e0000000,0x00000000e2080000)
  from space 5120K, 99% used [0x00000000e2080000,0x00000000e2578788,0x00000000e2580000)
  to   space 5120K, 0% used [0x00000000e4600000,0x00000000e4600000,0x00000000e4b00000)
 ParOldGen       total 87552K, used 10299K [0x00000000a0000000, 0x00000000a5580000, 0x00000000e0000000)
  object space 87552K, 11% used [0x00000000a0000000,0x00000000a0a0ec50,0x00000000a5580000)
 Metaspace       used 20793K, capacity 21101K, committed 21248K, reserved 1069056K
  class space    used 2432K, capacity 2539K, committed 2560K, reserved 1048576K
Event: 2.268 GC heap after
Heap after GC invocations=5 (full 2):
 PSYoungGen      total 38400K, used 0K [0x00000000e0000000, 0x00000000e4b00000, 0x0000000100000000)
  eden space 33280K, 0% used [0x00000000e0000000,0x00000000e0000000,0x00000000e2080000)
  from space 5120K, 0% used [0x00000000e2080000,0x00000000e2080000,0x00000000e2580000)
  to   space 5120K, 0% used [0x00000000e4600000,0x00000000e4600000,0x00000000e4b00000)
 ParOldGen       total 71168K, used 11407K [0x00000000a0000000, 0x00000000a4580000, 0x00000000e0000000)
  object space 71168K, 16% used [0x00000000a0000000,0x00000000a0b23d48,0x00000000a4580000)
 Metaspace       used 20793K, capacity 21101K, committed 21248K, reserved 1069056K
  class space    used 2432K, capacity 2539K, committed 2560K, reserved 1048576K
}

